#-----------------------------------------------------------
# Vivado v2018.2 (64-bit)
# SW Build 2258646 on Thu Jun 14 20:03:12 MDT 2018
# IP Build 2256618 on Thu Jun 14 22:10:49 MDT 2018
# Start of session at: Sun Aug  7 08:56:58 2022
# Process ID: 880
# Current directory: E:/Semester 2/Computer Organization and Digital Design/Lab/FinalProject/project_1
# Command line: vivado.exe -gui_launcher_event rodinguilauncherevent8336 E:\Semester 2\Computer Organization and Digital Design\Lab\FinalProject\project_1\project_1.xpr
# Log file: E:/Semester 2/Computer Organization and Digital Design/Lab/FinalProject/project_1/vivado.log
# Journal file: E:/Semester 2/Computer Organization and Digital Design/Lab/FinalProject/project_1\vivado.jou
#-----------------------------------------------------------
start_gui
open_project {E:/Semester 2/Computer Organization and Digital Design/Lab/FinalProject/project_1/project_1.xpr}
INFO: [ProjectBase 1-489] The host OS only allows 260 characters in a normal path. The project is stored in a path with more than 80 characters. If you experience issues with IP, Block Designs, or files not being found, please consider moving the project to a location with a shorter path. Alternately consider using the OS subst command to map part of the path to a drive letter.
Current project path is 'E:/Semester 2/Computer Organization and Digital Design/Lab/FinalProject/project_1'
Scanning sources...
Finished scanning sources
INFO: [IP_Flow 19-234] Refreshing IP repositories
INFO: [IP_Flow 19-1704] No user IP repositories specified
INFO: [IP_Flow 19-2313] Loaded Vivado IP repository 'C:/Xilinx/Vivado/2018.2/data/ip'.
open_project: Time (s): cpu = 00:00:14 ; elapsed = 00:00:12 . Memory (MB): peak = 910.113 ; gain = 169.875
update_compile_order -fileset sources_1
set_property top OurProcessor [current_fileset]
update_compile_order -fileset sources_1
reset_run synth_1
launch_runs synth_1 -jobs 6
[Sun Aug  7 09:37:27 2022] Launched synth_1...
Run output will be captured here: E:/Semester 2/Computer Organization and Digital Design/Lab/FinalProject/project_1/project_1.runs/synth_1/runme.log
launch_runs impl_1 -jobs 6
[Sun Aug  7 09:41:41 2022] Launched impl_1...
Run output will be captured here: E:/Semester 2/Computer Organization and Digital Design/Lab/FinalProject/project_1/project_1.runs/impl_1/runme.log
exit
INFO: [Common 17-206] Exiting Vivado at Sun Aug  7 10:37:57 2022...
