#-----------------------------------------------------------
# Vivado v2018.2 (64-bit)
# SW Build 2258646 on Thu Jun 14 20:03:12 MDT 2018
# IP Build 2256618 on Thu Jun 14 22:10:49 MDT 2018
# Start of session at: Thu Jul 28 11:28:40 2022
# Process ID: 6196
# Current directory: E:/Semester 2/Computer Organization and Digital Design/Lab/FinalProject/project_1
# Command line: vivado.exe -gui_launcher_event rodinguilauncherevent13248 E:\Semester 2\Computer Organization and Digital Design\Lab\FinalProject\project_1\project_1.xpr
# Log file: E:/Semester 2/Computer Organization and Digital Design/Lab/FinalProject/project_1/vivado.log
# Journal file: E:/Semester 2/Computer Organization and Digital Design/Lab/FinalProject/project_1\vivado.jou
#-----------------------------------------------------------
start_gui
open_project {E:/Semester 2/Computer Organization and Digital Design/Lab/FinalProject/project_1/project_1.xpr}
INFO: [ProjectBase 1-489] The host OS only allows 260 characters in a normal path. The project is stored in a path with more than 80 characters. If you experience issues with IP, Block Designs, or files not being found, please consider moving the project to a location with a shorter path. Alternately consider using the OS subst command to map part of the path to a drive letter.
Current project path is 'E:/Semester 2/Computer Organization and Digital Design/Lab/FinalProject/project_1'
Scanning sources...
Finished scanning sources
INFO: [IP_Flow 19-234] Refreshing IP repositories
INFO: [IP_Flow 19-1704] No user IP repositories specified
INFO: [IP_Flow 19-2313] Loaded Vivado IP repository 'C:/Xilinx/Vivado/2018.2/data/ip'.
open_project: Time (s): cpu = 00:00:14 ; elapsed = 00:00:08 . Memory (MB): peak = 902.117 ; gain = 153.691
update_compile_order -fileset sources_1
exit
INFO: [Common 17-206] Exiting Vivado at Thu Jul 28 11:43:53 2022...
