Copyright 1986-2018 Xilinx, Inc. All Rights Reserved.
------------------------------------------------------------------------------------------
| Tool Version : Vivado v.2018.2 (win64) Build 2258646 Thu Jun 14 20:03:12 MDT 2018
| Date         : Sun May  5 23:25:07 2024
| Host         : SukithanTDell running 64-bit major release  (build 9200)
| Command      : report_control_sets -verbose -file NanoProcessor_control_sets_placed.rpt
| Design       : NanoProcessor
| Device       : xc7a35t
------------------------------------------------------------------------------------------

Control Set Information

Table of Contents
-----------------
1. Summary
2. Histogram
3. Flip-Flop Distribution
4. Detailed Control Set Information

1. Summary
----------

+----------------------------------------------------------+-------+
|                          Status                          | Count |
+----------------------------------------------------------+-------+
| Number of unique control sets                            |     4 |
| Unused register locations in slices containing registers |     2 |
+----------------------------------------------------------+-------+


2. Histogram
------------

+--------+--------------+
| Fanout | Control Sets |
+--------+--------------+
|      6 |            1 |
|      8 |            3 |
+--------+--------------+


3. Flip-Flop Distribution
-------------------------

+--------------+-----------------------+------------------------+-----------------+--------------+
| Clock Enable | Synchronous Set/Reset | Asynchronous Set/Reset | Total Registers | Total Slices |
+--------------+-----------------------+------------------------+-----------------+--------------+
| No           | No                    | No                     |               0 |            0 |
| No           | No                    | Yes                    |               6 |            2 |
| No           | Yes                   | No                     |               0 |            0 |
| Yes          | No                    | No                     |               0 |            0 |
| Yes          | No                    | Yes                    |              24 |            5 |
| Yes          | Yes                   | No                     |               0 |            0 |
+--------------+-----------------------+------------------------+-----------------+--------------+


4. Detailed Control Set Information
-----------------------------------

+----------------+------------------------------------+------------------+------------------+----------------+
|  Clock Signal  |            Enable Signal           | Set/Reset Signal | Slice Load Count | Bel Load Count |
+----------------+------------------------------------+------------------+------------------+----------------+
|  Clk_IBUF_BUFG |                                    | Reset_IBUF       |                2 |              6 |
|  Clk_IBUF_BUFG | ProgramCounter/DFF_0/Q_reg[0]_1[0] | Reset_IBUF       |                1 |              8 |
|  Clk_IBUF_BUFG | ProgramCounter/DFF_0/E[0]          | Reset_IBUF       |                1 |              8 |
|  Clk_IBUF_BUFG | ProgramCounter/DFF_0/Q_reg[0]_0[0] | Reset_IBUF       |                3 |              8 |
+----------------+------------------------------------+------------------+------------------+----------------+


